<?xml version="1.0" encoding="UTF-8"?>
<testsuite xmlns:xsi="http://www.w3.org/2001/XMLSchema-instance" xsi:noNamespaceSchemaLocation="https://maven.apache.org/surefire/maven-surefire-plugin/xsd/surefire-test-report.xsd" name="com.example.minki.MinkiApplicationTests" time="4.443" tests="1" errors="0" skipped="0" failures="0">
  <properties>
    <property name="gopherProxySet" value="false"/>
    <property name="awt.toolkit" value="sun.lwawt.macosx.LWCToolkit"/>
    <property name="file.encoding.pkg" value="sun.io"/>
    <property name="java.specification.version" value="1.8"/>
    <property name="sun.cpu.isalist" value=""/>
    <property name="sun.jnu.encoding" value="UTF-8"/>
    <property name="java.class.path" value="/Users/minki/Documents/GitHub/Spring-Project-3/app/target/test-classes:/Users/minki/Documents/GitHub/Spring-Project-3/app/target/classes:/Users/minki/.m2/repository/org/springframework/boot/spring-boot-starter-web/2.7.7/spring-boot-starter-web-2.7.7.jar:/Users/minki/.m2/repository/org/springframework/boot/spring-boot-starter/2.7.7/spring-boot-starter-2.7.7.jar:/Users/minki/.m2/repository/org/springframework/boot/spring-boot-starter-logging/2.7.7/spring-boot-starter-logging-2.7.7.jar:/Users/minki/.m2/repository/ch/qos/logback/logback-classic/1.2.11/logback-classic-1.2.11.jar:/Users/minki/.m2/repository/ch/qos/logback/logback-core/1.2.11/logback-core-1.2.11.jar:/Users/minki/.m2/repository/org/apache/logging/log4j/log4j-to-slf4j/2.17.2/log4j-to-slf4j-2.17.2.jar:/Users/minki/.m2/repository/org/apache/logging/log4j/log4j-api/2.17.2/log4j-api-2.17.2.jar:/Users/minki/.m2/repository/org/slf4j/jul-to-slf4j/1.7.36/jul-to-slf4j-1.7.36.jar:/Users/minki/.m2/repository/jakarta/annotation/jakarta.annotation-api/1.3.5/jakarta.annotation-api-1.3.5.jar:/Users/minki/.m2/repository/org/yaml/snakeyaml/1.30/snakeyaml-1.30.jar:/Users/minki/.m2/repository/org/springframework/boot/spring-boot-starter-json/2.7.7/spring-boot-starter-json-2.7.7.jar:/Users/minki/.m2/repository/com/fasterxml/jackson/core/jackson-databind/2.13.4.2/jackson-databind-2.13.4.2.jar:/Users/minki/.m2/repository/com/fasterxml/jackson/core/jackson-annotations/2.13.4/jackson-annotations-2.13.4.jar:/Users/minki/.m2/repository/com/fasterxml/jackson/core/jackson-core/2.13.4/jackson-core-2.13.4.jar:/Users/minki/.m2/repository/com/fasterxml/jackson/datatype/jackson-datatype-jdk8/2.13.4/jackson-datatype-jdk8-2.13.4.jar:/Users/minki/.m2/repository/com/fasterxml/jackson/datatype/jackson-datatype-jsr310/2.13.4/jackson-datatype-jsr310-2.13.4.jar:/Users/minki/.m2/repository/com/fasterxml/jackson/module/jackson-module-parameter-names/2.13.4/jackson-module-parameter-names-2.13.4.jar:/Users/minki/.m2/repository/org/springframework/boot/spring-boot-starter-tomcat/2.7.7/spring-boot-starter-tomcat-2.7.7.jar:/Users/minki/.m2/repository/org/apache/tomcat/embed/tomcat-embed-core/9.0.70/tomcat-embed-core-9.0.70.jar:/Users/minki/.m2/repository/org/apache/tomcat/embed/tomcat-embed-websocket/9.0.70/tomcat-embed-websocket-9.0.70.jar:/Users/minki/.m2/repository/org/springframework/spring-web/5.3.24/spring-web-5.3.24.jar:/Users/minki/.m2/repository/org/springframework/spring-webmvc/5.3.24/spring-webmvc-5.3.24.jar:/Users/minki/.m2/repository/org/springframework/spring-aop/5.3.24/spring-aop-5.3.24.jar:/Users/minki/.m2/repository/org/springframework/boot/spring-boot-devtools/2.7.7/spring-boot-devtools-2.7.7.jar:/Users/minki/.m2/repository/org/springframework/boot/spring-boot/2.7.7/spring-boot-2.7.7.jar:/Users/minki/.m2/repository/org/springframework/boot/spring-boot-autoconfigure/2.7.7/spring-boot-autoconfigure-2.7.7.jar:/Users/minki/.m2/repository/org/projectlombok/lombok/1.18.24/lombok-1.18.24.jar:/Users/minki/.m2/repository/org/springframework/boot/spring-boot-starter-test/2.7.7/spring-boot-starter-test-2.7.7.jar:/Users/minki/.m2/repository/org/springframework/boot/spring-boot-test/2.7.7/spring-boot-test-2.7.7.jar:/Users/minki/.m2/repository/org/springframework/boot/spring-boot-test-autoconfigure/2.7.7/spring-boot-test-autoconfigure-2.7.7.jar:/Users/minki/.m2/repository/com/jayway/jsonpath/json-path/2.7.0/json-path-2.7.0.jar:/Users/minki/.m2/repository/net/minidev/json-smart/2.4.8/json-smart-2.4.8.jar:/Users/minki/.m2/repository/net/minidev/accessors-smart/2.4.8/accessors-smart-2.4.8.jar:/Users/minki/.m2/repository/org/ow2/asm/asm/9.1/asm-9.1.jar:/Users/minki/.m2/repository/jakarta/xml/bind/jakarta.xml.bind-api/2.3.3/jakarta.xml.bind-api-2.3.3.jar:/Users/minki/.m2/repository/jakarta/activation/jakarta.activation-api/1.2.2/jakarta.activation-api-1.2.2.jar:/Users/minki/.m2/repository/org/assertj/assertj-core/3.22.0/assertj-core-3.22.0.jar:/Users/minki/.m2/repository/org/hamcrest/hamcrest/2.2/hamcrest-2.2.jar:/Users/minki/.m2/repository/org/junit/jupiter/junit-jupiter/5.8.2/junit-jupiter-5.8.2.jar:/Users/minki/.m2/repository/org/junit/jupiter/junit-jupiter-api/5.8.2/junit-jupiter-api-5.8.2.jar:/Users/minki/.m2/repository/org/opentest4j/opentest4j/1.2.0/opentest4j-1.2.0.jar:/Users/minki/.m2/repository/org/junit/platform/junit-platform-commons/1.8.2/junit-platform-commons-1.8.2.jar:/Users/minki/.m2/repository/org/apiguardian/apiguardian-api/1.1.2/apiguardian-api-1.1.2.jar:/Users/minki/.m2/repository/org/junit/jupiter/junit-jupiter-params/5.8.2/junit-jupiter-params-5.8.2.jar:/Users/minki/.m2/repository/org/junit/jupiter/junit-jupiter-engine/5.8.2/junit-jupiter-engine-5.8.2.jar:/Users/minki/.m2/repository/org/junit/platform/junit-platform-engine/1.8.2/junit-platform-engine-1.8.2.jar:/Users/minki/.m2/repository/org/mockito/mockito-core/4.5.1/mockito-core-4.5.1.jar:/Users/minki/.m2/repository/net/bytebuddy/byte-buddy/1.12.20/byte-buddy-1.12.20.jar:/Users/minki/.m2/repository/net/bytebuddy/byte-buddy-agent/1.12.20/byte-buddy-agent-1.12.20.jar:/Users/minki/.m2/repository/org/objenesis/objenesis/3.2/objenesis-3.2.jar:/Users/minki/.m2/repository/org/mockito/mockito-junit-jupiter/4.5.1/mockito-junit-jupiter-4.5.1.jar:/Users/minki/.m2/repository/org/skyscreamer/jsonassert/1.5.1/jsonassert-1.5.1.jar:/Users/minki/.m2/repository/com/vaadin/external/google/android-json/0.0.20131108.vaadin1/android-json-0.0.20131108.vaadin1.jar:/Users/minki/.m2/repository/org/springframework/spring-core/5.3.24/spring-core-5.3.24.jar:/Users/minki/.m2/repository/org/springframework/spring-jcl/5.3.24/spring-jcl-5.3.24.jar:/Users/minki/.m2/repository/org/springframework/spring-test/5.3.24/spring-test-5.3.24.jar:/Users/minki/.m2/repository/org/xmlunit/xmlunit-core/2.9.0/xmlunit-core-2.9.0.jar:/Users/minki/.m2/repository/org/springframework/boot/spring-boot-starter-validation/2.7.7/spring-boot-starter-validation-2.7.7.jar:/Users/minki/.m2/repository/org/apache/tomcat/embed/tomcat-embed-el/9.0.70/tomcat-embed-el-9.0.70.jar:/Users/minki/.m2/repository/org/hibernate/validator/hibernate-validator/6.2.5.Final/hibernate-validator-6.2.5.Final.jar:/Users/minki/.m2/repository/jakarta/validation/jakarta.validation-api/2.0.2/jakarta.validation-api-2.0.2.jar:/Users/minki/.m2/repository/org/jboss/logging/jboss-logging/3.4.3.Final/jboss-logging-3.4.3.Final.jar:/Users/minki/.m2/repository/com/fasterxml/classmate/1.5.1/classmate-1.5.1.jar:/Users/minki/.m2/repository/com/googlecode/json-simple/json-simple/1.1.1/json-simple-1.1.1.jar:/Users/minki/.m2/repository/junit/junit/4.13.2/junit-4.13.2.jar:/Users/minki/.m2/repository/org/hamcrest/hamcrest-core/2.2/hamcrest-core-2.2.jar:/Users/minki/.m2/repository/commons-io/commons-io/2.11.0/commons-io-2.11.0.jar:/Users/minki/.m2/repository/commons-fileupload/commons-fileupload/1.3.1/commons-fileupload-1.3.1.jar:/Users/minki/.m2/repository/org/springframework/boot/spring-boot-starter-webflux/2.7.7/spring-boot-starter-webflux-2.7.7.jar:/Users/minki/.m2/repository/org/springframework/boot/spring-boot-starter-reactor-netty/2.7.7/spring-boot-starter-reactor-netty-2.7.7.jar:/Users/minki/.m2/repository/io/projectreactor/netty/reactor-netty-http/1.0.26/reactor-netty-http-1.0.26.jar:/Users/minki/.m2/repository/io/netty/netty-codec-http/4.1.86.Final/netty-codec-http-4.1.86.Final.jar:/Users/minki/.m2/repository/io/netty/netty-common/4.1.86.Final/netty-common-4.1.86.Final.jar:/Users/minki/.m2/repository/io/netty/netty-buffer/4.1.86.Final/netty-buffer-4.1.86.Final.jar:/Users/minki/.m2/repository/io/netty/netty-transport/4.1.86.Final/netty-transport-4.1.86.Final.jar:/Users/minki/.m2/repository/io/netty/netty-codec/4.1.86.Final/netty-codec-4.1.86.Final.jar:/Users/minki/.m2/repository/io/netty/netty-handler/4.1.86.Final/netty-handler-4.1.86.Final.jar:/Users/minki/.m2/repository/io/netty/netty-codec-http2/4.1.86.Final/netty-codec-http2-4.1.86.Final.jar:/Users/minki/.m2/repository/io/netty/netty-resolver-dns/4.1.86.Final/netty-resolver-dns-4.1.86.Final.jar:/Users/minki/.m2/repository/io/netty/netty-resolver/4.1.86.Final/netty-resolver-4.1.86.Final.jar:/Users/minki/.m2/repository/io/netty/netty-codec-dns/4.1.86.Final/netty-codec-dns-4.1.86.Final.jar:/Users/minki/.m2/repository/io/netty/netty-resolver-dns-native-macos/4.1.86.Final/netty-resolver-dns-native-macos-4.1.86.Final-osx-x86_64.jar:/Users/minki/.m2/repository/io/netty/netty-resolver-dns-classes-macos/4.1.86.Final/netty-resolver-dns-classes-macos-4.1.86.Final.jar:/Users/minki/.m2/repository/io/netty/netty-transport-native-epoll/4.1.86.Final/netty-transport-native-epoll-4.1.86.Final-linux-x86_64.jar:/Users/minki/.m2/repository/io/netty/netty-transport-native-unix-common/4.1.86.Final/netty-transport-native-unix-common-4.1.86.Final.jar:/Users/minki/.m2/repository/io/netty/netty-transport-classes-epoll/4.1.86.Final/netty-transport-classes-epoll-4.1.86.Final.jar:/Users/minki/.m2/repository/io/projectreactor/netty/reactor-netty-core/1.0.26/reactor-netty-core-1.0.26.jar:/Users/minki/.m2/repository/io/netty/netty-handler-proxy/4.1.86.Final/netty-handler-proxy-4.1.86.Final.jar:/Users/minki/.m2/repository/io/netty/netty-codec-socks/4.1.86.Final/netty-codec-socks-4.1.86.Final.jar:/Users/minki/.m2/repository/org/springframework/spring-webflux/5.3.24/spring-webflux-5.3.24.jar:/Users/minki/.m2/repository/io/projectreactor/reactor-core/3.4.26/reactor-core-3.4.26.jar:/Users/minki/.m2/repository/org/reactivestreams/reactive-streams/1.0.4/reactive-streams-1.0.4.jar:/Users/minki/.m2/repository/org/projectreactor/reactor-spring/1.0.1.RELEASE/reactor-spring-1.0.1.RELEASE.jar:/Users/minki/.m2/repository/org/projectreactor/reactor-core/1.0.1.RELEASE/reactor-core-1.0.1.RELEASE.jar:/Users/minki/.m2/repository/com/lmax/disruptor/3.2.0/disruptor-3.2.0.jar:/Users/minki/.m2/repository/org/slf4j/slf4j-api/1.7.36/slf4j-api-1.7.36.jar:/Users/minki/.m2/repository/org/springframework/spring-beans/5.3.24/spring-beans-5.3.24.jar:/Users/minki/.m2/repository/org/springframework/spring-context/5.3.24/spring-context-5.3.24.jar:/Users/minki/.m2/repository/org/springframework/spring-context-support/5.3.24/spring-context-support-5.3.24.jar:/Users/minki/.m2/repository/org/springframework/spring-expression/5.3.24/spring-expression-5.3.24.jar:/Users/minki/.m2/repository/org/springframework/spring-tx/5.3.24/spring-tx-5.3.24.jar:"/>
    <property name="java.vm.vendor" value="AdoptOpenJDK"/>
    <property name="sun.arch.data.model" value="64"/>
    <property name="java.vendor.url" value="https://adoptopenjdk.net/"/>
    <property name="user.timezone" value=""/>
    <property name="java.vm.specification.version" value="1.8"/>
    <property name="os.name" value="Mac OS X"/>
    <property name="user.country" value="KR"/>
    <property name="sun.java.launcher" value="SUN_STANDARD"/>
    <property name="sun.boot.library.path" value="/Library/Java/JavaVirtualMachines/adoptopenjdk-8.jdk/Contents/Home/jre/lib"/>
    <property name="sun.java.command" value="/Users/minki/Documents/GitHub/Spring-Project-3/app/target/surefire/surefirebooter7163632751282013665.jar /Users/minki/Documents/GitHub/Spring-Project-3/app/target/surefire 2023-01-30T23-27-05_143-jvmRun1 surefire5011278233036187811tmp surefire_05186895450099644478tmp"/>
    <property name="http.nonProxyHosts" value="local|*.local|169.254/16|*.169.254/16"/>
    <property name="surefire.test.class.path" value="/Users/minki/Documents/GitHub/Spring-Project-3/app/target/test-classes:/Users/minki/Documents/GitHub/Spring-Project-3/app/target/classes:/Users/minki/.m2/repository/org/springframework/boot/spring-boot-starter-web/2.7.7/spring-boot-starter-web-2.7.7.jar:/Users/minki/.m2/repository/org/springframework/boot/spring-boot-starter/2.7.7/spring-boot-starter-2.7.7.jar:/Users/minki/.m2/repository/org/springframework/boot/spring-boot-starter-logging/2.7.7/spring-boot-starter-logging-2.7.7.jar:/Users/minki/.m2/repository/ch/qos/logback/logback-classic/1.2.11/logback-classic-1.2.11.jar:/Users/minki/.m2/repository/ch/qos/logback/logback-core/1.2.11/logback-core-1.2.11.jar:/Users/minki/.m2/repository/org/apache/logging/log4j/log4j-to-slf4j/2.17.2/log4j-to-slf4j-2.17.2.jar:/Users/minki/.m2/repository/org/apache/logging/log4j/log4j-api/2.17.2/log4j-api-2.17.2.jar:/Users/minki/.m2/repository/org/slf4j/jul-to-slf4j/1.7.36/jul-to-slf4j-1.7.36.jar:/Users/minki/.m2/repository/jakarta/annotation/jakarta.annotation-api/1.3.5/jakarta.annotation-api-1.3.5.jar:/Users/minki/.m2/repository/org/yaml/snakeyaml/1.30/snakeyaml-1.30.jar:/Users/minki/.m2/repository/org/springframework/boot/spring-boot-starter-json/2.7.7/spring-boot-starter-json-2.7.7.jar:/Users/minki/.m2/repository/com/fasterxml/jackson/core/jackson-databind/2.13.4.2/jackson-databind-2.13.4.2.jar:/Users/minki/.m2/repository/com/fasterxml/jackson/core/jackson-annotations/2.13.4/jackson-annotations-2.13.4.jar:/Users/minki/.m2/repository/com/fasterxml/jackson/core/jackson-core/2.13.4/jackson-core-2.13.4.jar:/Users/minki/.m2/repository/com/fasterxml/jackson/datatype/jackson-datatype-jdk8/2.13.4/jackson-datatype-jdk8-2.13.4.jar:/Users/minki/.m2/repository/com/fasterxml/jackson/datatype/jackson-datatype-jsr310/2.13.4/jackson-datatype-jsr310-2.13.4.jar:/Users/minki/.m2/repository/com/fasterxml/jackson/module/jackson-module-parameter-names/2.13.4/jackson-module-parameter-names-2.13.4.jar:/Users/minki/.m2/repository/org/springframework/boot/spring-boot-starter-tomcat/2.7.7/spring-boot-starter-tomcat-2.7.7.jar:/Users/minki/.m2/repository/org/apache/tomcat/embed/tomcat-embed-core/9.0.70/tomcat-embed-core-9.0.70.jar:/Users/minki/.m2/repository/org/apache/tomcat/embed/tomcat-embed-websocket/9.0.70/tomcat-embed-websocket-9.0.70.jar:/Users/minki/.m2/repository/org/springframework/spring-web/5.3.24/spring-web-5.3.24.jar:/Users/minki/.m2/repository/org/springframework/spring-webmvc/5.3.24/spring-webmvc-5.3.24.jar:/Users/minki/.m2/repository/org/springframework/spring-aop/5.3.24/spring-aop-5.3.24.jar:/Users/minki/.m2/repository/org/springframework/boot/spring-boot-devtools/2.7.7/spring-boot-devtools-2.7.7.jar:/Users/minki/.m2/repository/org/springframework/boot/spring-boot/2.7.7/spring-boot-2.7.7.jar:/Users/minki/.m2/repository/org/springframework/boot/spring-boot-autoconfigure/2.7.7/spring-boot-autoconfigure-2.7.7.jar:/Users/minki/.m2/repository/org/projectlombok/lombok/1.18.24/lombok-1.18.24.jar:/Users/minki/.m2/repository/org/springframework/boot/spring-boot-starter-test/2.7.7/spring-boot-starter-test-2.7.7.jar:/Users/minki/.m2/repository/org/springframework/boot/spring-boot-test/2.7.7/spring-boot-test-2.7.7.jar:/Users/minki/.m2/repository/org/springframework/boot/spring-boot-test-autoconfigure/2.7.7/spring-boot-test-autoconfigure-2.7.7.jar:/Users/minki/.m2/repository/com/jayway/jsonpath/json-path/2.7.0/json-path-2.7.0.jar:/Users/minki/.m2/repository/net/minidev/json-smart/2.4.8/json-smart-2.4.8.jar:/Users/minki/.m2/repository/net/minidev/accessors-smart/2.4.8/accessors-smart-2.4.8.jar:/Users/minki/.m2/repository/org/ow2/asm/asm/9.1/asm-9.1.jar:/Users/minki/.m2/repository/jakarta/xml/bind/jakarta.xml.bind-api/2.3.3/jakarta.xml.bind-api-2.3.3.jar:/Users/minki/.m2/repository/jakarta/activation/jakarta.activation-api/1.2.2/jakarta.activation-api-1.2.2.jar:/Users/minki/.m2/repository/org/assertj/assertj-core/3.22.0/assertj-core-3.22.0.jar:/Users/minki/.m2/repository/org/hamcrest/hamcrest/2.2/hamcrest-2.2.jar:/Users/minki/.m2/repository/org/junit/jupiter/junit-jupiter/5.8.2/junit-jupiter-5.8.2.jar:/Users/minki/.m2/repository/org/junit/jupiter/junit-jupiter-api/5.8.2/junit-jupiter-api-5.8.2.jar:/Users/minki/.m2/repository/org/opentest4j/opentest4j/1.2.0/opentest4j-1.2.0.jar:/Users/minki/.m2/repository/org/junit/platform/junit-platform-commons/1.8.2/junit-platform-commons-1.8.2.jar:/Users/minki/.m2/repository/org/apiguardian/apiguardian-api/1.1.2/apiguardian-api-1.1.2.jar:/Users/minki/.m2/repository/org/junit/jupiter/junit-jupiter-params/5.8.2/junit-jupiter-params-5.8.2.jar:/Users/minki/.m2/repository/org/junit/jupiter/junit-jupiter-engine/5.8.2/junit-jupiter-engine-5.8.2.jar:/Users/minki/.m2/repository/org/junit/platform/junit-platform-engine/1.8.2/junit-platform-engine-1.8.2.jar:/Users/minki/.m2/repository/org/mockito/mockito-core/4.5.1/mockito-core-4.5.1.jar:/Users/minki/.m2/repository/net/bytebuddy/byte-buddy/1.12.20/byte-buddy-1.12.20.jar:/Users/minki/.m2/repository/net/bytebuddy/byte-buddy-agent/1.12.20/byte-buddy-agent-1.12.20.jar:/Users/minki/.m2/repository/org/objenesis/objenesis/3.2/objenesis-3.2.jar:/Users/minki/.m2/repository/org/mockito/mockito-junit-jupiter/4.5.1/mockito-junit-jupiter-4.5.1.jar:/Users/minki/.m2/repository/org/skyscreamer/jsonassert/1.5.1/jsonassert-1.5.1.jar:/Users/minki/.m2/repository/com/vaadin/external/google/android-json/0.0.20131108.vaadin1/android-json-0.0.20131108.vaadin1.jar:/Users/minki/.m2/repository/org/springframework/spring-core/5.3.24/spring-core-5.3.24.jar:/Users/minki/.m2/repository/org/springframework/spring-jcl/5.3.24/spring-jcl-5.3.24.jar:/Users/minki/.m2/repository/org/springframework/spring-test/5.3.24/spring-test-5.3.24.jar:/Users/minki/.m2/repository/org/xmlunit/xmlunit-core/2.9.0/xmlunit-core-2.9.0.jar:/Users/minki/.m2/repository/org/springframework/boot/spring-boot-starter-validation/2.7.7/spring-boot-starter-validation-2.7.7.jar:/Users/minki/.m2/repository/org/apache/tomcat/embed/tomcat-embed-el/9.0.70/tomcat-embed-el-9.0.70.jar:/Users/minki/.m2/repository/org/hibernate/validator/hibernate-validator/6.2.5.Final/hibernate-validator-6.2.5.Final.jar:/Users/minki/.m2/repository/jakarta/validation/jakarta.validation-api/2.0.2/jakarta.validation-api-2.0.2.jar:/Users/minki/.m2/repository/org/jboss/logging/jboss-logging/3.4.3.Final/jboss-logging-3.4.3.Final.jar:/Users/minki/.m2/repository/com/fasterxml/classmate/1.5.1/classmate-1.5.1.jar:/Users/minki/.m2/repository/com/googlecode/json-simple/json-simple/1.1.1/json-simple-1.1.1.jar:/Users/minki/.m2/repository/junit/junit/4.13.2/junit-4.13.2.jar:/Users/minki/.m2/repository/org/hamcrest/hamcrest-core/2.2/hamcrest-core-2.2.jar:/Users/minki/.m2/repository/commons-io/commons-io/2.11.0/commons-io-2.11.0.jar:/Users/minki/.m2/repository/commons-fileupload/commons-fileupload/1.3.1/commons-fileupload-1.3.1.jar:/Users/minki/.m2/repository/org/springframework/boot/spring-boot-starter-webflux/2.7.7/spring-boot-starter-webflux-2.7.7.jar:/Users/minki/.m2/repository/org/springframework/boot/spring-boot-starter-reactor-netty/2.7.7/spring-boot-starter-reactor-netty-2.7.7.jar:/Users/minki/.m2/repository/io/projectreactor/netty/reactor-netty-http/1.0.26/reactor-netty-http-1.0.26.jar:/Users/minki/.m2/repository/io/netty/netty-codec-http/4.1.86.Final/netty-codec-http-4.1.86.Final.jar:/Users/minki/.m2/repository/io/netty/netty-common/4.1.86.Final/netty-common-4.1.86.Final.jar:/Users/minki/.m2/repository/io/netty/netty-buffer/4.1.86.Final/netty-buffer-4.1.86.Final.jar:/Users/minki/.m2/repository/io/netty/netty-transport/4.1.86.Final/netty-transport-4.1.86.Final.jar:/Users/minki/.m2/repository/io/netty/netty-codec/4.1.86.Final/netty-codec-4.1.86.Final.jar:/Users/minki/.m2/repository/io/netty/netty-handler/4.1.86.Final/netty-handler-4.1.86.Final.jar:/Users/minki/.m2/repository/io/netty/netty-codec-http2/4.1.86.Final/netty-codec-http2-4.1.86.Final.jar:/Users/minki/.m2/repository/io/netty/netty-resolver-dns/4.1.86.Final/netty-resolver-dns-4.1.86.Final.jar:/Users/minki/.m2/repository/io/netty/netty-resolver/4.1.86.Final/netty-resolver-4.1.86.Final.jar:/Users/minki/.m2/repository/io/netty/netty-codec-dns/4.1.86.Final/netty-codec-dns-4.1.86.Final.jar:/Users/minki/.m2/repository/io/netty/netty-resolver-dns-native-macos/4.1.86.Final/netty-resolver-dns-native-macos-4.1.86.Final-osx-x86_64.jar:/Users/minki/.m2/repository/io/netty/netty-resolver-dns-classes-macos/4.1.86.Final/netty-resolver-dns-classes-macos-4.1.86.Final.jar:/Users/minki/.m2/repository/io/netty/netty-transport-native-epoll/4.1.86.Final/netty-transport-native-epoll-4.1.86.Final-linux-x86_64.jar:/Users/minki/.m2/repository/io/netty/netty-transport-native-unix-common/4.1.86.Final/netty-transport-native-unix-common-4.1.86.Final.jar:/Users/minki/.m2/repository/io/netty/netty-transport-classes-epoll/4.1.86.Final/netty-transport-classes-epoll-4.1.86.Final.jar:/Users/minki/.m2/repository/io/projectreactor/netty/reactor-netty-core/1.0.26/reactor-netty-core-1.0.26.jar:/Users/minki/.m2/repository/io/netty/netty-handler-proxy/4.1.86.Final/netty-handler-proxy-4.1.86.Final.jar:/Users/minki/.m2/repository/io/netty/netty-codec-socks/4.1.86.Final/netty-codec-socks-4.1.86.Final.jar:/Users/minki/.m2/repository/org/springframework/spring-webflux/5.3.24/spring-webflux-5.3.24.jar:/Users/minki/.m2/repository/io/projectreactor/reactor-core/3.4.26/reactor-core-3.4.26.jar:/Users/minki/.m2/repository/org/reactivestreams/reactive-streams/1.0.4/reactive-streams-1.0.4.jar:/Users/minki/.m2/repository/org/projectreactor/reactor-spring/1.0.1.RELEASE/reactor-spring-1.0.1.RELEASE.jar:/Users/minki/.m2/repository/org/projectreactor/reactor-core/1.0.1.RELEASE/reactor-core-1.0.1.RELEASE.jar:/Users/minki/.m2/repository/com/lmax/disruptor/3.2.0/disruptor-3.2.0.jar:/Users/minki/.m2/repository/org/slf4j/slf4j-api/1.7.36/slf4j-api-1.7.36.jar:/Users/minki/.m2/repository/org/springframework/spring-beans/5.3.24/spring-beans-5.3.24.jar:/Users/minki/.m2/repository/org/springframework/spring-context/5.3.24/spring-context-5.3.24.jar:/Users/minki/.m2/repository/org/springframework/spring-context-support/5.3.24/spring-context-support-5.3.24.jar:/Users/minki/.m2/repository/org/springframework/spring-expression/5.3.24/spring-expression-5.3.24.jar:/Users/minki/.m2/repository/org/springframework/spring-tx/5.3.24/spring-tx-5.3.24.jar:"/>
    <property name="sun.cpu.endian" value="little"/>
    <property name="user.home" value="/Users/minki"/>
    <property name="user.language" value="ko"/>
    <property name="java.specification.vendor" value="Oracle Corporation"/>
    <property name="java.home" value="/Library/Java/JavaVirtualMachines/adoptopenjdk-8.jdk/Contents/Home/jre"/>
    <property name="basedir" value="/Users/minki/Documents/GitHub/Spring-Project-3/app"/>
    <property name="file.separator" value="/"/>
    <property name="line.separator" value="&#10;"/>
    <property name="java.vm.specification.vendor" value="Oracle Corporation"/>
    <property name="java.specification.name" value="Java Platform API Specification"/>
    <property name="java.awt.graphicsenv" value="sun.awt.CGraphicsEnvironment"/>
    <property name="surefire.real.class.path" value="/Users/minki/Documents/GitHub/Spring-Project-3/app/target/surefire/surefirebooter7163632751282013665.jar"/>
    <property name="sun.boot.class.path" value="/Library/Java/JavaVirtualMachines/adoptopenjdk-8.jdk/Contents/Home/jre/lib/resources.jar:/Library/Java/JavaVirtualMachines/adoptopenjdk-8.jdk/Contents/Home/jre/lib/rt.jar:/Library/Java/JavaVirtualMachines/adoptopenjdk-8.jdk/Contents/Home/jre/lib/sunrsasign.jar:/Library/Java/JavaVirtualMachines/adoptopenjdk-8.jdk/Contents/Home/jre/lib/jsse.jar:/Library/Java/JavaVirtualMachines/adoptopenjdk-8.jdk/Contents/Home/jre/lib/jce.jar:/Library/Java/JavaVirtualMachines/adoptopenjdk-8.jdk/Contents/Home/jre/lib/charsets.jar:/Library/Java/JavaVirtualMachines/adoptopenjdk-8.jdk/Contents/Home/jre/lib/jfr.jar:/Library/Java/JavaVirtualMachines/adoptopenjdk-8.jdk/Contents/Home/jre/classes"/>
    <property name="sun.management.compiler" value="HotSpot 64-Bit Tiered Compilers"/>
    <property name="ftp.nonProxyHosts" value="local|*.local|169.254/16|*.169.254/16"/>
    <property name="java.runtime.version" value="1.8.0_292-b10"/>
    <property name="user.name" value="minki"/>
    <property name="path.separator" value=":"/>
    <property name="os.version" value="10.16"/>
    <property name="java.endorsed.dirs" value="/Library/Java/JavaVirtualMachines/adoptopenjdk-8.jdk/Contents/Home/jre/lib/endorsed"/>
    <property name="java.runtime.name" value="OpenJDK Runtime Environment"/>
    <property name="file.encoding" value="UTF-8"/>
    <property name="java.vm.name" value="OpenJDK 64-Bit Server VM"/>
    <property name="localRepository" value="/Users/minki/.m2/repository"/>
    <property name="java.vendor.url.bug" value="https://github.com/AdoptOpenJDK/openjdk-support/issues"/>
    <property name="java.io.tmpdir" value="/var/folders/8n/mf6wvrqs4gdb0026hpbp7p1m0000gn/T/"/>
    <property name="idea.version" value="2022.2.2"/>
    <property name="java.version" value="1.8.0_292"/>
    <property name="user.dir" value="/Users/minki/Documents/GitHub/Spring-Project-3/app"/>
    <property name="os.arch" value="x86_64"/>
    <property name="java.vm.specification.name" value="Java Virtual Machine Specification"/>
    <property name="java.awt.printerjob" value="sun.lwawt.macosx.CPrinterJob"/>
    <property name="sun.os.patch.level" value="unknown"/>
    <property name="java.library.path" value="/Users/minki/Library/Java/Extensions:/Library/Java/Extensions:/Network/Library/Java/Extensions:/System/Library/Java/Extensions:/usr/lib/java:."/>
    <property name="java.vm.info" value="mixed mode"/>
    <property name="java.vendor" value="AdoptOpenJDK"/>
    <property name="java.vm.version" value="25.292-b10"/>
    <property name="java.ext.dirs" value="/Users/minki/Library/Java/Extensions:/Library/Java/JavaVirtualMachines/adoptopenjdk-8.jdk/Contents/Home/jre/lib/ext:/Library/Java/Extensions:/Network/Library/Java/Extensions:/System/Library/Java/Extensions:/usr/lib/java"/>
    <property name="sun.io.unicode.encoding" value="UnicodeBig"/>
    <property name="java.class.version" value="52.0"/>
    <property name="socksNonProxyHosts" value="local|*.local|169.254/16|*.169.254/16"/>
  </properties>
  <testcase name="contextLoads" classname="com.example.minki.MinkiApplicationTests" time="0.288"/>
</testsuite>